<html>
<head>
<title>TestNG:  Default test</title>
<link href="../testng.css" rel="stylesheet" type="text/css" />
<link href="../my-testng.css" rel="stylesheet" type="text/css" />

<style type="text/css">
.log { display: none;} 
.stack-trace { display: none;} 
</style>
<script type="text/javascript">
<!--
function flip(e) {
  current = e.style.display;
  if (current == 'block') {
    e.style.display = 'none';
    return 0;
  }
  else {
    e.style.display = 'block';
    return 1;
  }
}

function toggleBox(szDivId, elem, msg1, msg2)
{
  var res = -1;  if (document.getElementById) {
    res = flip(document.getElementById(szDivId));
  }
  else if (document.all) {
    // this is the way old msie versions work
    res = flip(document.all[szDivId]);
  }
  if(elem) {
    if(res == 0) elem.innerHTML = msg1; else elem.innerHTML = msg2;
  }

}

function toggleAllBoxes() {
  if (document.getElementsByTagName) {
    d = document.getElementsByTagName('div');
    for (i = 0; i < d.length; i++) {
      if (d[i].className == 'log') {
        flip(d[i]);
      }
    }
  }
}

// -->
</script>

</head>
<body>
<h2 align='center'>Default test</h2><table border='1' align="center">
<tr>
<td>Tests passed/Failed/Skipped:</td><td>16/1/0</td>
</tr><tr>
<td>Started on:</td><td>Sun Aug 13 18:46:26 BRT 2017</td>
</tr>
<tr><td>Total time:</td><td>188 seconds (188308 ms)</td>
</tr><tr>
<td>Included groups:</td><td></td>
</tr><tr>
<td>Excluded groups:</td><td></td>
</tr>
</table><p/>
<small><i>(Hover the method name to see the test class name)</i></small><p/>
<table width='100%' border='1' class='invocation-failed'>
<tr><td colspan='4' align='center'><b>FAILED TESTS</b></td></tr>
<tr><td><b>Test method</b></td>
<td width="30%"><b>Exception</b></td>
<td width="10%"><b>Time (seconds)</b></td>
<td><b>Instance</b></td>
</tr>
<tr>
<td title='com.google.accounts.testes.CadastroUsuario.novoUserNOK()'><b>novoUserNOK</b><br>Test class: com.google.accounts.testes.CadastroUsuario<br>Parameters: , Golke, aut, senha123@, senha123@, 01, Junho, 1985, Masculino, 51997435572, regdezsa@gmail.com, Você não pode deixar este campo em branco., 1, s</td>
<td><div><pre>org.openqa.selenium.WebDriverException: unknown error: Element &lt;div class=&quot;goog-menuitem-content&quot; style=&quot;user-select: none;&quot;&gt;...&lt;/div&gt; is not clickable at point (898, 444). Other element would receive the click: &lt;input type=&quot;password&quot; name=&quot;Passwd&quot; id=&quot;Passwd&quot;&gt;
  (Session info: chrome=60.0.3112.90)
  (Driver info: chromedriver=2.27.440174 (e97a722caafc2d3a8b807ee115bfb307f7d2cfd9),platform=Windows NT 10.0.15063 x86_64) (WARNING: The server did not provide any stacktrace information)
Command duration or timeout: 159 milliseconds
Build info: version: &apos;2.48.2&apos;, revision: &apos;41bccdd10cf2c0560f637404c2d96164b67d9d67&apos;, time: &apos;2015-10-09 13:08:06&apos;
System info: host: &apos;DGolkePC&apos;, ip: &apos;192.168.25.17&apos;, os.name: &apos;Windows 10&apos;, os.arch: &apos;amd64&apos;, os.version: &apos;10.0&apos;, java.version: &apos;1.8.0_144&apos;
Driver info: org.openqa.selenium.chrome.ChromeDriver
Capabilities [{applicationCacheEnabled=false, rotatable=false, mobileEmulationEnabled=false, networkConnectionEnabled=false, chrome={chromedriverVersion=2.27.440174 (e97a722caafc2d3a8b807ee115bfb307f7d2cfd9), userDataDir=C:\Users\DOUGLA~1\AppData\Local\Temp\scoped_dir10180_22006}, takesHeapSnapshot=true, pageLoadStrategy=normal, databaseEnabled=false, handlesAlerts=true, hasTouchScreen=false, version=60.0.3112.90, platform=XP, browserConnectionEnabled=false, nativeEvents=true, acceptSslCerts=true, locationContextEnabled=true, webStorageEnabled=true, browserName=chrome, takesScreenshot=true, javascriptEnabled=true, cssSelectorsEnabled=true, unexpectedAlertBehaviour=}]
Session ID: c6644553fcbbc7a672c305c14418f8d3
	at sun.reflect.NativeConstructorAccessorImpl.newInstance0(Native Method)
	at sun.reflect.NativeConstructorAccessorImpl.newInstance(Unknown Source)
	at sun.reflect.DelegatingConstructorAccessorImpl.newInstance(Unknown Source)
	at java.lang.reflect.Constructor.newInstance(Unknown Source)
	at org.openqa.selenium.remote.ErrorHandler.createThrowable(ErrorHandler.java:206)
	at org.openqa.selenium.remote.ErrorHandler.throwIfResponseFailed(ErrorHandler.java:158)
	at org.openqa.selenium.remote.RemoteWebDriver.execute(RemoteWebDriver.java:647)
	at org.openqa.selenium.remote.RemoteWebElement.execute(RemoteWebElement.java:326)
	at org.openqa.selenium.remote.RemoteWebElement.click(RemoteWebElement.java:84)
	at com.google.accounts.PaginaCriarConta.selecionaMes(PaginaCriarConta.java:165)
	at com.google.accounts.testes.CadastroUsuario.novoUserNOK(CadastroUsuario.java:66)
	at sun.reflect.NativeMethodAccessorImpl.invoke0(Native Method)
	at sun.reflect.NativeMethodAccessorImpl.invoke(Unknown Source)
	at sun.reflect.DelegatingMethodAccessorImpl.invoke(Unknown Source)
	at java.lang.reflect.Method.invoke(Unknown Source)
	at org.testng.internal.MethodInvocationHelper.invokeMethod(MethodInvocationHelper.java:108)
	at org.testng.internal.Invoker.invokeMethod(Invoker.java:661)
	at org.testng.internal.Invoker.invokeTestMethod(Invoker.java:869)
	at org.testng.internal.Invoker.invokeTestMethods(Invoker.java:1193)
	at org.testng.internal.TestMethodWorker.invokeTestMethods(TestMethodWorker.java:126)
	at org.testng.internal.TestMethodWorker.run(TestMethodWorker.java:109)
	at org.testng.TestRunner.privateRun(TestRunner.java:744)
	at org.testng.TestRunner.run(TestRunner.java:602)
	at org.testng.SuiteRunner.runTest(SuiteRunner.java:380)
	at org.testng.SuiteRunner.runSequentially(SuiteRunner.java:375)
	at org.testng.SuiteRunner.privateRun(SuiteRunner.java:340)
	at org.testng.SuiteRunner.run(SuiteRunner.java:289)
	at org.testng.SuiteRunnerWorker.runSuite(SuiteRunnerWorker.java:52)
	at org.testng.SuiteRunnerWorker.run(SuiteRunnerWorker.java:86)
	at org.testng.TestNG.runSuitesSequentially(TestNG.java:1301)
	at org.testng.TestNG.runSuitesLocally(TestNG.java:1226)
	at org.testng.TestNG.runSuites(TestNG.java:1144)
	at org.testng.TestNG.run(TestNG.java:1115)
	at org.testng.remote.AbstractRemoteTestNG.run(AbstractRemoteTestNG.java:132)
	at org.testng.remote.RemoteTestNG.initAndRun(RemoteTestNG.java:230)
	at org.testng.remote.RemoteTestNG.main(RemoteTestNG.java:76)
</pre></div><a href='#' onClick='toggleBox("stack-trace352083716", this, "Click to show all stack frames", "Click to hide stack frames")'>Click to show all stack frames</a>
<div class='stack-trace' id='stack-trace352083716'><pre>org.openqa.selenium.WebDriverException: unknown error: Element &lt;div class=&quot;goog-menuitem-content&quot; style=&quot;user-select: none;&quot;&gt;...&lt;/div&gt; is not clickable at point (898, 444). Other element would receive the click: &lt;input type=&quot;password&quot; name=&quot;Passwd&quot; id=&quot;Passwd&quot;&gt;
  (Session info: chrome=60.0.3112.90)
  (Driver info: chromedriver=2.27.440174 (e97a722caafc2d3a8b807ee115bfb307f7d2cfd9),platform=Windows NT 10.0.15063 x86_64) (WARNING: The server did not provide any stacktrace information)
Command duration or timeout: 159 milliseconds
Build info: version: &apos;2.48.2&apos;, revision: &apos;41bccdd10cf2c0560f637404c2d96164b67d9d67&apos;, time: &apos;2015-10-09 13:08:06&apos;
System info: host: &apos;DGolkePC&apos;, ip: &apos;192.168.25.17&apos;, os.name: &apos;Windows 10&apos;, os.arch: &apos;amd64&apos;, os.version: &apos;10.0&apos;, java.version: &apos;1.8.0_144&apos;
Driver info: org.openqa.selenium.chrome.ChromeDriver
Capabilities [{applicationCacheEnabled=false, rotatable=false, mobileEmulationEnabled=false, networkConnectionEnabled=false, chrome={chromedriverVersion=2.27.440174 (e97a722caafc2d3a8b807ee115bfb307f7d2cfd9), userDataDir=C:\Users\DOUGLA~1\AppData\Local\Temp\scoped_dir10180_22006}, takesHeapSnapshot=true, pageLoadStrategy=normal, databaseEnabled=false, handlesAlerts=true, hasTouchScreen=false, version=60.0.3112.90, platform=XP, browserConnectionEnabled=false, nativeEvents=true, acceptSslCerts=true, locationContextEnabled=true, webStorageEnabled=true, browserName=chrome, takesScreenshot=true, javascriptEnabled=true, cssSelectorsEnabled=true, unexpectedAlertBehaviour=}]
Session ID: c6644553fcbbc7a672c305c14418f8d3
	at sun.reflect.NativeConstructorAccessorImpl.newInstance0(Native Method)
	at sun.reflect.NativeConstructorAccessorImpl.newInstance(Unknown Source)
	at sun.reflect.DelegatingConstructorAccessorImpl.newInstance(Unknown Source)
	at java.lang.reflect.Constructor.newInstance(Unknown Source)
	at org.openqa.selenium.remote.ErrorHandler.createThrowable(ErrorHandler.java:206)
	at org.openqa.selenium.remote.ErrorHandler.throwIfResponseFailed(ErrorHandler.java:158)
	at org.openqa.selenium.remote.RemoteWebDriver.execute(RemoteWebDriver.java:647)
	at org.openqa.selenium.remote.RemoteWebElement.execute(RemoteWebElement.java:326)
	at org.openqa.selenium.remote.RemoteWebElement.click(RemoteWebElement.java:84)
	at com.google.accounts.PaginaCriarConta.selecionaMes(PaginaCriarConta.java:165)
	at com.google.accounts.testes.CadastroUsuario.novoUserNOK(CadastroUsuario.java:66)
	at sun.reflect.NativeMethodAccessorImpl.invoke0(Native Method)
	at sun.reflect.NativeMethodAccessorImpl.invoke(Unknown Source)
	at sun.reflect.DelegatingMethodAccessorImpl.invoke(Unknown Source)
	at java.lang.reflect.Method.invoke(Unknown Source)
	at org.testng.internal.MethodInvocationHelper.invokeMethod(MethodInvocationHelper.java:108)
	at org.testng.internal.Invoker.invokeMethod(Invoker.java:661)
	at org.testng.internal.Invoker.invokeTestMethod(Invoker.java:869)
	at org.testng.internal.Invoker.invokeTestMethods(Invoker.java:1193)
	at org.testng.internal.TestMethodWorker.invokeTestMethods(TestMethodWorker.java:126)
	at org.testng.internal.TestMethodWorker.run(TestMethodWorker.java:109)
	at org.testng.TestRunner.privateRun(TestRunner.java:744)
	at org.testng.TestRunner.run(TestRunner.java:602)
	at org.testng.SuiteRunner.runTest(SuiteRunner.java:380)
	at org.testng.SuiteRunner.runSequentially(SuiteRunner.java:375)
	at org.testng.SuiteRunner.privateRun(SuiteRunner.java:340)
	at org.testng.SuiteRunner.run(SuiteRunner.java:289)
	at org.testng.SuiteRunnerWorker.runSuite(SuiteRunnerWorker.java:52)
	at org.testng.SuiteRunnerWorker.run(SuiteRunnerWorker.java:86)
	at org.testng.TestNG.runSuitesSequentially(TestNG.java:1301)
	at org.testng.TestNG.runSuitesLocally(TestNG.java:1226)
	at org.testng.TestNG.runSuites(TestNG.java:1144)
	at org.testng.TestNG.run(TestNG.java:1115)
	at org.testng.remote.AbstractRemoteTestNG.run(AbstractRemoteTestNG.java:132)
	at org.testng.remote.RemoteTestNG.initAndRun(RemoteTestNG.java:230)
	at org.testng.remote.RemoteTestNG.main(RemoteTestNG.java:76)
</pre></div></td>
<td>1</td>
<td>com.google.accounts.testes.CadastroUsuario@4883b407</td></tr>
</table><p>
<table width='100%' border='1' class='invocation-passed'>
<tr><td colspan='4' align='center'><b>PASSED TESTS</b></td></tr>
<tr><td><b>Test method</b></td>
<td width="30%"><b>Exception</b></td>
<td width="10%"><b>Time (seconds)</b></td>
<td><b>Instance</b></td>
</tr>
<tr>
<td title='com.google.accounts.testes.CadastroUsuario.novoUserNOK()'><b>novoUserNOK</b><br>Test class: com.google.accounts.testes.CadastroUsuario<br>Parameters: Douglas, , aut, senha123@, senha123@, 01, Junho, 1985, Masculino, 51997435572, regdezsa@gmail.com, Você não pode deixar este campo em branco., 1, s</td>
<td></td>
<td>2</td>
<td>com.google.accounts.testes.CadastroUsuario@4883b407</td></tr>
<tr>
<td title='com.google.accounts.testes.CadastroUsuario.novoUserNOK()'><b>novoUserNOK</b><br>Test class: com.google.accounts.testes.CadastroUsuario<br>Parameters: Douglas, Golke, , senha123@, senha123@, 01, Junho, 1985, Masculino, 51997435572, regdezsa@gmail.com, Você não pode deixar este campo em branco., 1, s</td>
<td></td>
<td>1</td>
<td>com.google.accounts.testes.CadastroUsuario@4883b407</td></tr>
<tr>
<td title='com.google.accounts.testes.CadastroUsuario.novoUserNOK()'><b>novoUserNOK</b><br>Test class: com.google.accounts.testes.CadastroUsuario<br>Parameters: Douglas, Golke, aut, , senha123@, 01, Junho, 1985, Masculino, 51997435572, regdezsa@gmail.com, Essas senhas não coincidem. Tentar novamente?, 1, s</td>
<td></td>
<td>2</td>
<td>com.google.accounts.testes.CadastroUsuario@4883b407</td></tr>
<tr>
<td title='com.google.accounts.testes.CadastroUsuario.novoUserNOK()'><b>novoUserNOK</b><br>Test class: com.google.accounts.testes.CadastroUsuario<br>Parameters: Douglas, Golke, aut, senha123@, , 01, Junho, 1985, Masculino, 51997435572, regdezsa@gmail.com, Essas senhas não coincidem. Tentar novamente?, 1, s</td>
<td></td>
<td>2</td>
<td>com.google.accounts.testes.CadastroUsuario@4883b407</td></tr>
<tr>
<td title='com.google.accounts.testes.CadastroUsuario.novoUserNOK()'><b>novoUserNOK</b><br>Test class: com.google.accounts.testes.CadastroUsuario<br>Parameters: Douglas, Golke, aut, , senha123@, 01, Junho, 1985, Masculino, 51997435572, regdezsa@gmail.com, Você não pode deixar este campo em branco., 1, s</td>
<td></td>
<td>2</td>
<td>com.google.accounts.testes.CadastroUsuario@4883b407</td></tr>
<tr>
<td title='com.google.accounts.testes.CadastroUsuario.novoUserNOK()'><b>novoUserNOK</b><br>Test class: com.google.accounts.testes.CadastroUsuario<br>Parameters: Douglas, Golke, aut, senha123@, senha123@, , Junho, 1985, Masculino, 51997435572, regdezsa@gmail.com, Você não pode deixar este campo em branco., 1, s</td>
<td></td>
<td>2</td>
<td>com.google.accounts.testes.CadastroUsuario@4883b407</td></tr>
<tr>
<td title='com.google.accounts.testes.CadastroUsuario.novoUserNOK()'><b>novoUserNOK</b><br>Test class: com.google.accounts.testes.CadastroUsuario<br>Parameters: Douglas, Golke, aut, senha123@, senha123@, 01, , 1985, Masculino, 51997435572, regdezsa@gmail.com, Você não pode deixar este campo em branco., 1, s</td>
<td></td>
<td>3</td>
<td>com.google.accounts.testes.CadastroUsuario@4883b407</td></tr>
<tr>
<td title='com.google.accounts.testes.CadastroUsuario.novoUserNOK()'><b>novoUserNOK</b><br>Test class: com.google.accounts.testes.CadastroUsuario<br>Parameters: Douglas, Golke, aut, senha123@, senha123@, 01, Junho, , Masculino, 51997435572, regdezsa@gmail.com, Você não pode deixar este campo em branco., 1, s</td>
<td></td>
<td>2</td>
<td>com.google.accounts.testes.CadastroUsuario@4883b407</td></tr>
<tr>
<td title='com.google.accounts.testes.CadastroUsuario.novoUserNOK()'><b>novoUserNOK</b><br>Test class: com.google.accounts.testes.CadastroUsuario<br>Parameters: Douglas, Golke, aut, senha123@, senha123@, 01, Junho, 1985, , 51997435572, regdezsa@gmail.com, Você não pode deixar este campo em branco., 1, s</td>
<td></td>
<td>2</td>
<td>com.google.accounts.testes.CadastroUsuario@4883b407</td></tr>
<tr>
<td title='com.google.accounts.testes.CadastroUsuario.novoUserNOK()'><b>novoUserNOK</b><br>Test class: com.google.accounts.testes.CadastroUsuario<br>Parameters: , , , , , , , , , , , Você não pode deixar este campo em branco., 9, s</td>
<td></td>
<td>1</td>
<td>com.google.accounts.testes.CadastroUsuario@4883b407</td></tr>
<tr>
<td title='com.google.accounts.testes.CadastroUsuario.novoUserNOK()'><b>novoUserNOK</b><br>Test class: com.google.accounts.testes.CadastroUsuario<br>Parameters: Douglas, Golke, padrao, senha123@, senha123@, 01, Junho, 1985, Masculino, 51997435572, regdezsa@gmail.com, Este nome de usuário já está em uso. Tente outro., 1, n</td>
<td></td>
<td>1</td>
<td>com.google.accounts.testes.CadastroUsuario@4883b407</td></tr>
<tr>
<td title='com.google.accounts.testes.CadastroUsuario.novoUserNOK()'><b>novoUserNOK</b><br>Test class: com.google.accounts.testes.CadastroUsuario<br>Parameters: Douglas, Golke, douglas, senha123@, senha123@, 01, Junho, 1985, Masculino, 51997435572, regdezsa@gmail.com, Este nome de usuário não é permitido. Tente novamente., 1, n</td>
<td></td>
<td>2</td>
<td>com.google.accounts.testes.CadastroUsuario@4883b407</td></tr>
<tr>
<td title='com.google.accounts.testes.CadastroUsuario.novoUserNOK()'><b>novoUserNOK</b><br>Test class: com.google.accounts.testes.CadastroUsuario<br>Parameters: Douglas, Golke, joao, senha123@, senha123@, 01, Junho, 1985, Masculino, 51997435572, regdezsa@gmail.com, Utilize entre 6 e 30 caracteres., 1, n</td>
<td></td>
<td>2</td>
<td>com.google.accounts.testes.CadastroUsuario@4883b407</td></tr>
<tr>
<td title='com.google.accounts.testes.CadastroUsuario.novoUserNOK()'><b>novoUserNOK</b><br>Test class: com.google.accounts.testes.CadastroUsuario<br>Parameters: Douglas, Golke, #11111, senha123@, senha123@, 01, Junho, 1985, Masculino, 51997435572, regdezsa@gmail.com, Use apenas letras (a-z), números e pontos., 1, n</td>
<td></td>
<td>2</td>
<td>com.google.accounts.testes.CadastroUsuario@4883b407</td></tr>
<tr>
<td title='com.google.accounts.testes.CadastroUsuario.novoUserNOK()'><b>novoUserNOK</b><br>Test class: com.google.accounts.testes.CadastroUsuario<br>Parameters: Douglas, Golke, douglas, senha123@, senha123@, 01, Junho, 19, Masculino, 51997435572, regdezsa@gmail.com, A data parece estar incorreta. Utilize sua data de nascimento verdadeira., 1, s</td>
<td></td>
<td>3</td>
<td>com.google.accounts.testes.CadastroUsuario@4883b407</td></tr>
<tr>
<td title='com.google.accounts.testes.CadastroUsuario.novoUserNOK()'><b>novoUserNOK</b><br>Test class: com.google.accounts.testes.CadastroUsuario<br>Parameters: Douglas, Golke, douglas, senha123@, senha123@, 91, Junho, 1985, Masculino, 51997435572, regdezsa@gmail.com, O dia parece estar incorreto. Use um número de dois dígitos que corresponda a um dia do mês., 1, s</td>
<td></td>
<td>1</td>
<td>com.google.accounts.testes.CadastroUsuario@4883b407</td></tr>
</table><p>
</body>
</html>