<?xml version="1.0" encoding="UTF-8"?>
<testng-results skipped="0" failed="1" ignored="6" total="23" passed="16">
  <reporter-output>
  </reporter-output>
  <suite name="Default suite" duration-ms="188308" started-at="2017-08-13T21:46:26Z" finished-at="2017-08-13T21:49:35Z">
    <groups>
    </groups>
    <test name="Default test" duration-ms="188308" started-at="2017-08-13T21:46:26Z" finished-at="2017-08-13T21:49:35Z">
      <class name="com.google.accounts.testes.CadastroUsuario">
        <test-method status="PASS" signature="beforeSuite()[pri:0, instance:com.google.accounts.testes.CadastroUsuario@4883b407]" name="beforeSuite" is-config="true" duration-ms="6" started-at="2017-08-13T18:46:26Z" finished-at="2017-08-13T18:46:26Z">
          <reporter-output>
          </reporter-output>
        </test-method> <!-- beforeSuite -->
        <test-method status="PASS" signature="beforeClass()[pri:0, instance:com.google.accounts.testes.CadastroUsuario@4883b407]" name="beforeClass" is-config="true" duration-ms="0" started-at="2017-08-13T18:46:26Z" finished-at="2017-08-13T18:46:26Z">
          <reporter-output>
          </reporter-output>
        </test-method> <!-- beforeClass -->
        <test-method status="PASS" signature="beforeMethod(java.lang.reflect.Method)[pri:0, instance:com.google.accounts.testes.CadastroUsuario@4883b407]" name="beforeMethod" is-config="true" duration-ms="7906" started-at="2017-08-13T18:46:27Z" finished-at="2017-08-13T18:46:34Z">
          <params>
            <param index="0">
              <value>
                <![CDATA[public void com.google.accounts.testes.CadastroUsuario.novoUserNOK(java.lang.String,java.lang.String,java.lang.String,java.lang.String,java.lang.String,java.lang.String,java.lang.String,java.lang.String,java.lang.String,java.lang.String,java.lang.String,java.lang.String,java.lang.String,java.lang.String)]]>
              </value>
            </param>
          </params>
          <reporter-output>
          </reporter-output>
        </test-method> <!-- beforeMethod -->
        <test-method status="FAIL" signature="novoUserNOK(java.lang.String, java.lang.String, java.lang.String, java.lang.String, java.lang.String, java.lang.String, java.lang.String, java.lang.String, java.lang.String, java.lang.String, java.lang.String, java.lang.String, java.lang.String, java.lang.String)[pri:0, instance:com.google.accounts.testes.CadastroUsuario@4883b407]" name="novoUserNOK" duration-ms="1906" started-at="2017-08-13T18:46:34Z" data-provider="novoUserNOK" finished-at="2017-08-13T18:46:36Z">
          <params>
            <param index="0">
              <value>
                <![CDATA[]]>
              </value>
            </param>
            <param index="1">
              <value>
                <![CDATA[Golke]]>
              </value>
            </param>
            <param index="2">
              <value>
                <![CDATA[aut]]>
              </value>
            </param>
            <param index="3">
              <value>
                <![CDATA[senha123@]]>
              </value>
            </param>
            <param index="4">
              <value>
                <![CDATA[senha123@]]>
              </value>
            </param>
            <param index="5">
              <value>
                <![CDATA[01]]>
              </value>
            </param>
            <param index="6">
              <value>
                <![CDATA[Junho]]>
              </value>
            </param>
            <param index="7">
              <value>
                <![CDATA[1985]]>
              </value>
            </param>
            <param index="8">
              <value>
                <![CDATA[Masculino]]>
              </value>
            </param>
            <param index="9">
              <value>
                <![CDATA[51997435572]]>
              </value>
            </param>
            <param index="10">
              <value>
                <![CDATA[regdezsa@gmail.com]]>
              </value>
            </param>
            <param index="11">
              <value>
                <![CDATA[Você não pode deixar este campo em branco.]]>
              </value>
            </param>
            <param index="12">
              <value>
                <![CDATA[1]]>
              </value>
            </param>
            <param index="13">
              <value>
                <![CDATA[s]]>
              </value>
            </param>
          </params>
          <exception class="org.openqa.selenium.WebDriverException">
            <message>
              <![CDATA[unknown error: Element <div class="goog-menuitem-content" style="user-select: none;">...</div> is not clickable at point (898, 444). Other element would receive the click: <input type="password" name="Passwd" id="Passwd">
  (Session info: chrome=60.0.3112.90)
  (Driver info: chromedriver=2.27.440174 (e97a722caafc2d3a8b807ee115bfb307f7d2cfd9),platform=Windows NT 10.0.15063 x86_64) (WARNING: The server did not provide any stacktrace information)
Command duration or timeout: 159 milliseconds
Build info: version: '2.48.2', revision: '41bccdd10cf2c0560f637404c2d96164b67d9d67', time: '2015-10-09 13:08:06'
System info: host: 'DGolkePC', ip: '192.168.25.17', os.name: 'Windows 10', os.arch: 'amd64', os.version: '10.0', java.version: '1.8.0_144'
Driver info: org.openqa.selenium.chrome.ChromeDriver
Capabilities [{applicationCacheEnabled=false, rotatable=false, mobileEmulationEnabled=false, networkConnectionEnabled=false, chrome={chromedriverVersion=2.27.440174 (e97a722caafc2d3a8b807ee115bfb307f7d2cfd9), userDataDir=C:\Users\DOUGLA~1\AppData\Local\Temp\scoped_dir10180_22006}, takesHeapSnapshot=true, pageLoadStrategy=normal, databaseEnabled=false, handlesAlerts=true, hasTouchScreen=false, version=60.0.3112.90, platform=XP, browserConnectionEnabled=false, nativeEvents=true, acceptSslCerts=true, locationContextEnabled=true, webStorageEnabled=true, browserName=chrome, takesScreenshot=true, javascriptEnabled=true, cssSelectorsEnabled=true, unexpectedAlertBehaviour=}]
Session ID: c6644553fcbbc7a672c305c14418f8d3]]>
            </message>
            <full-stacktrace>
              <![CDATA[org.openqa.selenium.WebDriverException: unknown error: Element <div class="goog-menuitem-content" style="user-select: none;">...</div> is not clickable at point (898, 444). Other element would receive the click: <input type="password" name="Passwd" id="Passwd">
  (Session info: chrome=60.0.3112.90)
  (Driver info: chromedriver=2.27.440174 (e97a722caafc2d3a8b807ee115bfb307f7d2cfd9),platform=Windows NT 10.0.15063 x86_64) (WARNING: The server did not provide any stacktrace information)
Command duration or timeout: 159 milliseconds
Build info: version: '2.48.2', revision: '41bccdd10cf2c0560f637404c2d96164b67d9d67', time: '2015-10-09 13:08:06'
System info: host: 'DGolkePC', ip: '192.168.25.17', os.name: 'Windows 10', os.arch: 'amd64', os.version: '10.0', java.version: '1.8.0_144'
Driver info: org.openqa.selenium.chrome.ChromeDriver
Capabilities [{applicationCacheEnabled=false, rotatable=false, mobileEmulationEnabled=false, networkConnectionEnabled=false, chrome={chromedriverVersion=2.27.440174 (e97a722caafc2d3a8b807ee115bfb307f7d2cfd9), userDataDir=C:\Users\DOUGLA~1\AppData\Local\Temp\scoped_dir10180_22006}, takesHeapSnapshot=true, pageLoadStrategy=normal, databaseEnabled=false, handlesAlerts=true, hasTouchScreen=false, version=60.0.3112.90, platform=XP, browserConnectionEnabled=false, nativeEvents=true, acceptSslCerts=true, locationContextEnabled=true, webStorageEnabled=true, browserName=chrome, takesScreenshot=true, javascriptEnabled=true, cssSelectorsEnabled=true, unexpectedAlertBehaviour=}]
Session ID: c6644553fcbbc7a672c305c14418f8d3
	at sun.reflect.NativeConstructorAccessorImpl.newInstance0(Native Method)
	at sun.reflect.NativeConstructorAccessorImpl.newInstance(Unknown Source)
	at sun.reflect.DelegatingConstructorAccessorImpl.newInstance(Unknown Source)
	at java.lang.reflect.Constructor.newInstance(Unknown Source)
	at org.openqa.selenium.remote.ErrorHandler.createThrowable(ErrorHandler.java:206)
	at org.openqa.selenium.remote.ErrorHandler.throwIfResponseFailed(ErrorHandler.java:158)
	at org.openqa.selenium.remote.RemoteWebDriver.execute(RemoteWebDriver.java:647)
	at org.openqa.selenium.remote.RemoteWebElement.execute(RemoteWebElement.java:326)
	at org.openqa.selenium.remote.RemoteWebElement.click(RemoteWebElement.java:84)
	at com.google.accounts.PaginaCriarConta.selecionaMes(PaginaCriarConta.java:165)
	at com.google.accounts.testes.CadastroUsuario.novoUserNOK(CadastroUsuario.java:66)
	at sun.reflect.NativeMethodAccessorImpl.invoke0(Native Method)
	at sun.reflect.NativeMethodAccessorImpl.invoke(Unknown Source)
	at sun.reflect.DelegatingMethodAccessorImpl.invoke(Unknown Source)
	at java.lang.reflect.Method.invoke(Unknown Source)
	at org.testng.internal.MethodInvocationHelper.invokeMethod(MethodInvocationHelper.java:108)
	at org.testng.internal.Invoker.invokeMethod(Invoker.java:661)
	at org.testng.internal.Invoker.invokeTestMethod(Invoker.java:869)
	at org.testng.internal.Invoker.invokeTestMethods(Invoker.java:1193)
	at org.testng.internal.TestMethodWorker.invokeTestMethods(TestMethodWorker.java:126)
	at org.testng.internal.TestMethodWorker.run(TestMethodWorker.java:109)
	at org.testng.TestRunner.privateRun(TestRunner.java:744)
	at org.testng.TestRunner.run(TestRunner.java:602)
	at org.testng.SuiteRunner.runTest(SuiteRunner.java:380)
	at org.testng.SuiteRunner.runSequentially(SuiteRunner.java:375)
	at org.testng.SuiteRunner.privateRun(SuiteRunner.java:340)
	at org.testng.SuiteRunner.run(SuiteRunner.java:289)
	at org.testng.SuiteRunnerWorker.runSuite(SuiteRunnerWorker.java:52)
	at org.testng.SuiteRunnerWorker.run(SuiteRunnerWorker.java:86)
	at org.testng.TestNG.runSuitesSequentially(TestNG.java:1301)
	at org.testng.TestNG.runSuitesLocally(TestNG.java:1226)
	at org.testng.TestNG.runSuites(TestNG.java:1144)
	at org.testng.TestNG.run(TestNG.java:1115)
	at org.testng.remote.AbstractRemoteTestNG.run(AbstractRemoteTestNG.java:132)
	at org.testng.remote.RemoteTestNG.initAndRun(RemoteTestNG.java:230)
	at org.testng.remote.RemoteTestNG.main(RemoteTestNG.java:76)
]]>
            </full-stacktrace>
          </exception> <!-- org.openqa.selenium.WebDriverException -->
          <reporter-output>
          </reporter-output>
        </test-method> <!-- novoUserNOK -->
        <test-method status="PASS" signature="afterMethod()[pri:0, instance:com.google.accounts.testes.CadastroUsuario@4883b407]" name="afterMethod" is-config="true" duration-ms="1607" started-at="2017-08-13T18:46:36Z" finished-at="2017-08-13T18:46:38Z">
          <reporter-output>
          </reporter-output>
        </test-method> <!-- afterMethod -->
        <test-method status="PASS" signature="beforeMethod(java.lang.reflect.Method)[pri:0, instance:com.google.accounts.testes.CadastroUsuario@4883b407]" name="beforeMethod" is-config="true" duration-ms="7911" started-at="2017-08-13T18:46:38Z" finished-at="2017-08-13T18:46:46Z">
          <params>
            <param index="0">
              <value>
                <![CDATA[public void com.google.accounts.testes.CadastroUsuario.novoUserNOK(java.lang.String,java.lang.String,java.lang.String,java.lang.String,java.lang.String,java.lang.String,java.lang.String,java.lang.String,java.lang.String,java.lang.String,java.lang.String,java.lang.String,java.lang.String,java.lang.String)]]>
              </value>
            </param>
          </params>
          <reporter-output>
          </reporter-output>
        </test-method> <!-- beforeMethod -->
        <test-method status="PASS" signature="novoUserNOK(java.lang.String, java.lang.String, java.lang.String, java.lang.String, java.lang.String, java.lang.String, java.lang.String, java.lang.String, java.lang.String, java.lang.String, java.lang.String, java.lang.String, java.lang.String, java.lang.String)[pri:0, instance:com.google.accounts.testes.CadastroUsuario@4883b407]" name="novoUserNOK" duration-ms="2613" started-at="2017-08-13T18:46:46Z" data-provider="novoUserNOK" finished-at="2017-08-13T18:46:49Z">
          <params>
            <param index="0">
              <value>
                <![CDATA[Douglas]]>
              </value>
            </param>
            <param index="1">
              <value>
                <![CDATA[]]>
              </value>
            </param>
            <param index="2">
              <value>
                <![CDATA[aut]]>
              </value>
            </param>
            <param index="3">
              <value>
                <![CDATA[senha123@]]>
              </value>
            </param>
            <param index="4">
              <value>
                <![CDATA[senha123@]]>
              </value>
            </param>
            <param index="5">
              <value>
                <![CDATA[01]]>
              </value>
            </param>
            <param index="6">
              <value>
                <![CDATA[Junho]]>
              </value>
            </param>
            <param index="7">
              <value>
                <![CDATA[1985]]>
              </value>
            </param>
            <param index="8">
              <value>
                <![CDATA[Masculino]]>
              </value>
            </param>
            <param index="9">
              <value>
                <![CDATA[51997435572]]>
              </value>
            </param>
            <param index="10">
              <value>
                <![CDATA[regdezsa@gmail.com]]>
              </value>
            </param>
            <param index="11">
              <value>
                <![CDATA[Você não pode deixar este campo em branco.]]>
              </value>
            </param>
            <param index="12">
              <value>
                <![CDATA[1]]>
              </value>
            </param>
            <param index="13">
              <value>
                <![CDATA[s]]>
              </value>
            </param>
          </params>
          <reporter-output>
          </reporter-output>
        </test-method> <!-- novoUserNOK -->
        <test-method status="PASS" signature="afterMethod()[pri:0, instance:com.google.accounts.testes.CadastroUsuario@4883b407]" name="afterMethod" is-config="true" duration-ms="1426" started-at="2017-08-13T18:46:49Z" finished-at="2017-08-13T18:46:50Z">
          <reporter-output>
          </reporter-output>
        </test-method> <!-- afterMethod -->
        <test-method status="PASS" signature="beforeMethod(java.lang.reflect.Method)[pri:0, instance:com.google.accounts.testes.CadastroUsuario@4883b407]" name="beforeMethod" is-config="true" duration-ms="7283" started-at="2017-08-13T18:46:50Z" finished-at="2017-08-13T18:46:57Z">
          <params>
            <param index="0">
              <value>
                <![CDATA[public void com.google.accounts.testes.CadastroUsuario.novoUserNOK(java.lang.String,java.lang.String,java.lang.String,java.lang.String,java.lang.String,java.lang.String,java.lang.String,java.lang.String,java.lang.String,java.lang.String,java.lang.String,java.lang.String,java.lang.String,java.lang.String)]]>
              </value>
            </param>
          </params>
          <reporter-output>
          </reporter-output>
        </test-method> <!-- beforeMethod -->
        <test-method status="PASS" signature="novoUserNOK(java.lang.String, java.lang.String, java.lang.String, java.lang.String, java.lang.String, java.lang.String, java.lang.String, java.lang.String, java.lang.String, java.lang.String, java.lang.String, java.lang.String, java.lang.String, java.lang.String)[pri:0, instance:com.google.accounts.testes.CadastroUsuario@4883b407]" name="novoUserNOK" duration-ms="1723" started-at="2017-08-13T18:46:57Z" data-provider="novoUserNOK" finished-at="2017-08-13T18:46:59Z">
          <params>
            <param index="0">
              <value>
                <![CDATA[Douglas]]>
              </value>
            </param>
            <param index="1">
              <value>
                <![CDATA[Golke]]>
              </value>
            </param>
            <param index="2">
              <value>
                <![CDATA[]]>
              </value>
            </param>
            <param index="3">
              <value>
                <![CDATA[senha123@]]>
              </value>
            </param>
            <param index="4">
              <value>
                <![CDATA[senha123@]]>
              </value>
            </param>
            <param index="5">
              <value>
                <![CDATA[01]]>
              </value>
            </param>
            <param index="6">
              <value>
                <![CDATA[Junho]]>
              </value>
            </param>
            <param index="7">
              <value>
                <![CDATA[1985]]>
              </value>
            </param>
            <param index="8">
              <value>
                <![CDATA[Masculino]]>
              </value>
            </param>
            <param index="9">
              <value>
                <![CDATA[51997435572]]>
              </value>
            </param>
            <param index="10">
              <value>
                <![CDATA[regdezsa@gmail.com]]>
              </value>
            </param>
            <param index="11">
              <value>
                <![CDATA[Você não pode deixar este campo em branco.]]>
              </value>
            </param>
            <param index="12">
              <value>
                <![CDATA[1]]>
              </value>
            </param>
            <param index="13">
              <value>
                <![CDATA[s]]>
              </value>
            </param>
          </params>
          <reporter-output>
          </reporter-output>
        </test-method> <!-- novoUserNOK -->
        <test-method status="PASS" signature="afterMethod()[pri:0, instance:com.google.accounts.testes.CadastroUsuario@4883b407]" name="afterMethod" is-config="true" duration-ms="1359" started-at="2017-08-13T18:46:59Z" finished-at="2017-08-13T18:47:00Z">
          <reporter-output>
          </reporter-output>
        </test-method> <!-- afterMethod -->
        <test-method status="PASS" signature="beforeMethod(java.lang.reflect.Method)[pri:0, instance:com.google.accounts.testes.CadastroUsuario@4883b407]" name="beforeMethod" is-config="true" duration-ms="6390" started-at="2017-08-13T18:47:00Z" finished-at="2017-08-13T18:47:07Z">
          <params>
            <param index="0">
              <value>
                <![CDATA[public void com.google.accounts.testes.CadastroUsuario.novoUserNOK(java.lang.String,java.lang.String,java.lang.String,java.lang.String,java.lang.String,java.lang.String,java.lang.String,java.lang.String,java.lang.String,java.lang.String,java.lang.String,java.lang.String,java.lang.String,java.lang.String)]]>
              </value>
            </param>
          </params>
          <reporter-output>
          </reporter-output>
        </test-method> <!-- beforeMethod -->
        <test-method status="PASS" signature="novoUserNOK(java.lang.String, java.lang.String, java.lang.String, java.lang.String, java.lang.String, java.lang.String, java.lang.String, java.lang.String, java.lang.String, java.lang.String, java.lang.String, java.lang.String, java.lang.String, java.lang.String)[pri:0, instance:com.google.accounts.testes.CadastroUsuario@4883b407]" name="novoUserNOK" duration-ms="2018" started-at="2017-08-13T18:47:07Z" data-provider="novoUserNOK" finished-at="2017-08-13T18:47:09Z">
          <params>
            <param index="0">
              <value>
                <![CDATA[Douglas]]>
              </value>
            </param>
            <param index="1">
              <value>
                <![CDATA[Golke]]>
              </value>
            </param>
            <param index="2">
              <value>
                <![CDATA[aut]]>
              </value>
            </param>
            <param index="3">
              <value>
                <![CDATA[]]>
              </value>
            </param>
            <param index="4">
              <value>
                <![CDATA[senha123@]]>
              </value>
            </param>
            <param index="5">
              <value>
                <![CDATA[01]]>
              </value>
            </param>
            <param index="6">
              <value>
                <![CDATA[Junho]]>
              </value>
            </param>
            <param index="7">
              <value>
                <![CDATA[1985]]>
              </value>
            </param>
            <param index="8">
              <value>
                <![CDATA[Masculino]]>
              </value>
            </param>
            <param index="9">
              <value>
                <![CDATA[51997435572]]>
              </value>
            </param>
            <param index="10">
              <value>
                <![CDATA[regdezsa@gmail.com]]>
              </value>
            </param>
            <param index="11">
              <value>
                <![CDATA[Essas senhas não coincidem. Tentar novamente?]]>
              </value>
            </param>
            <param index="12">
              <value>
                <![CDATA[1]]>
              </value>
            </param>
            <param index="13">
              <value>
                <![CDATA[s]]>
              </value>
            </param>
          </params>
          <reporter-output>
          </reporter-output>
        </test-method> <!-- novoUserNOK -->
        <test-method status="PASS" signature="afterMethod()[pri:0, instance:com.google.accounts.testes.CadastroUsuario@4883b407]" name="afterMethod" is-config="true" duration-ms="1386" started-at="2017-08-13T18:47:09Z" finished-at="2017-08-13T18:47:10Z">
          <reporter-output>
          </reporter-output>
        </test-method> <!-- afterMethod -->
        <test-method status="PASS" signature="beforeMethod(java.lang.reflect.Method)[pri:0, instance:com.google.accounts.testes.CadastroUsuario@4883b407]" name="beforeMethod" is-config="true" duration-ms="6144" started-at="2017-08-13T18:47:10Z" finished-at="2017-08-13T18:47:16Z">
          <params>
            <param index="0">
              <value>
                <![CDATA[public void com.google.accounts.testes.CadastroUsuario.novoUserNOK(java.lang.String,java.lang.String,java.lang.String,java.lang.String,java.lang.String,java.lang.String,java.lang.String,java.lang.String,java.lang.String,java.lang.String,java.lang.String,java.lang.String,java.lang.String,java.lang.String)]]>
              </value>
            </param>
          </params>
          <reporter-output>
          </reporter-output>
        </test-method> <!-- beforeMethod -->
        <test-method status="PASS" signature="novoUserNOK(java.lang.String, java.lang.String, java.lang.String, java.lang.String, java.lang.String, java.lang.String, java.lang.String, java.lang.String, java.lang.String, java.lang.String, java.lang.String, java.lang.String, java.lang.String, java.lang.String)[pri:0, instance:com.google.accounts.testes.CadastroUsuario@4883b407]" name="novoUserNOK" duration-ms="2401" started-at="2017-08-13T18:47:16Z" data-provider="novoUserNOK" finished-at="2017-08-13T18:47:19Z">
          <params>
            <param index="0">
              <value>
                <![CDATA[Douglas]]>
              </value>
            </param>
            <param index="1">
              <value>
                <![CDATA[Golke]]>
              </value>
            </param>
            <param index="2">
              <value>
                <![CDATA[aut]]>
              </value>
            </param>
            <param index="3">
              <value>
                <![CDATA[senha123@]]>
              </value>
            </param>
            <param index="4">
              <value>
                <![CDATA[]]>
              </value>
            </param>
            <param index="5">
              <value>
                <![CDATA[01]]>
              </value>
            </param>
            <param index="6">
              <value>
                <![CDATA[Junho]]>
              </value>
            </param>
            <param index="7">
              <value>
                <![CDATA[1985]]>
              </value>
            </param>
            <param index="8">
              <value>
                <![CDATA[Masculino]]>
              </value>
            </param>
            <param index="9">
              <value>
                <![CDATA[51997435572]]>
              </value>
            </param>
            <param index="10">
              <value>
                <![CDATA[regdezsa@gmail.com]]>
              </value>
            </param>
            <param index="11">
              <value>
                <![CDATA[Essas senhas não coincidem. Tentar novamente?]]>
              </value>
            </param>
            <param index="12">
              <value>
                <![CDATA[1]]>
              </value>
            </param>
            <param index="13">
              <value>
                <![CDATA[s]]>
              </value>
            </param>
          </params>
          <reporter-output>
          </reporter-output>
        </test-method> <!-- novoUserNOK -->
        <test-method status="PASS" signature="afterMethod()[pri:0, instance:com.google.accounts.testes.CadastroUsuario@4883b407]" name="afterMethod" is-config="true" duration-ms="1243" started-at="2017-08-13T18:47:19Z" finished-at="2017-08-13T18:47:20Z">
          <reporter-output>
          </reporter-output>
        </test-method> <!-- afterMethod -->
        <test-method status="PASS" signature="beforeMethod(java.lang.reflect.Method)[pri:0, instance:com.google.accounts.testes.CadastroUsuario@4883b407]" name="beforeMethod" is-config="true" duration-ms="5846" started-at="2017-08-13T18:47:20Z" finished-at="2017-08-13T18:47:26Z">
          <params>
            <param index="0">
              <value>
                <![CDATA[public void com.google.accounts.testes.CadastroUsuario.novoUserNOK(java.lang.String,java.lang.String,java.lang.String,java.lang.String,java.lang.String,java.lang.String,java.lang.String,java.lang.String,java.lang.String,java.lang.String,java.lang.String,java.lang.String,java.lang.String,java.lang.String)]]>
              </value>
            </param>
          </params>
          <reporter-output>
          </reporter-output>
        </test-method> <!-- beforeMethod -->
        <test-method status="PASS" signature="novoUserNOK(java.lang.String, java.lang.String, java.lang.String, java.lang.String, java.lang.String, java.lang.String, java.lang.String, java.lang.String, java.lang.String, java.lang.String, java.lang.String, java.lang.String, java.lang.String, java.lang.String)[pri:0, instance:com.google.accounts.testes.CadastroUsuario@4883b407]" name="novoUserNOK" duration-ms="2370" started-at="2017-08-13T18:47:26Z" data-provider="novoUserNOK" finished-at="2017-08-13T18:47:28Z">
          <params>
            <param index="0">
              <value>
                <![CDATA[Douglas]]>
              </value>
            </param>
            <param index="1">
              <value>
                <![CDATA[Golke]]>
              </value>
            </param>
            <param index="2">
              <value>
                <![CDATA[aut]]>
              </value>
            </param>
            <param index="3">
              <value>
                <![CDATA[]]>
              </value>
            </param>
            <param index="4">
              <value>
                <![CDATA[senha123@]]>
              </value>
            </param>
            <param index="5">
              <value>
                <![CDATA[01]]>
              </value>
            </param>
            <param index="6">
              <value>
                <![CDATA[Junho]]>
              </value>
            </param>
            <param index="7">
              <value>
                <![CDATA[1985]]>
              </value>
            </param>
            <param index="8">
              <value>
                <![CDATA[Masculino]]>
              </value>
            </param>
            <param index="9">
              <value>
                <![CDATA[51997435572]]>
              </value>
            </param>
            <param index="10">
              <value>
                <![CDATA[regdezsa@gmail.com]]>
              </value>
            </param>
            <param index="11">
              <value>
                <![CDATA[Você não pode deixar este campo em branco.]]>
              </value>
            </param>
            <param index="12">
              <value>
                <![CDATA[1]]>
              </value>
            </param>
            <param index="13">
              <value>
                <![CDATA[s]]>
              </value>
            </param>
          </params>
          <reporter-output>
          </reporter-output>
        </test-method> <!-- novoUserNOK -->
        <test-method status="PASS" signature="afterMethod()[pri:0, instance:com.google.accounts.testes.CadastroUsuario@4883b407]" name="afterMethod" is-config="true" duration-ms="1425" started-at="2017-08-13T18:47:28Z" finished-at="2017-08-13T18:47:30Z">
          <reporter-output>
          </reporter-output>
        </test-method> <!-- afterMethod -->
        <test-method status="PASS" signature="beforeMethod(java.lang.reflect.Method)[pri:0, instance:com.google.accounts.testes.CadastroUsuario@4883b407]" name="beforeMethod" is-config="true" duration-ms="6355" started-at="2017-08-13T18:47:30Z" finished-at="2017-08-13T18:47:36Z">
          <params>
            <param index="0">
              <value>
                <![CDATA[public void com.google.accounts.testes.CadastroUsuario.novoUserNOK(java.lang.String,java.lang.String,java.lang.String,java.lang.String,java.lang.String,java.lang.String,java.lang.String,java.lang.String,java.lang.String,java.lang.String,java.lang.String,java.lang.String,java.lang.String,java.lang.String)]]>
              </value>
            </param>
          </params>
          <reporter-output>
          </reporter-output>
        </test-method> <!-- beforeMethod -->
        <test-method status="PASS" signature="novoUserNOK(java.lang.String, java.lang.String, java.lang.String, java.lang.String, java.lang.String, java.lang.String, java.lang.String, java.lang.String, java.lang.String, java.lang.String, java.lang.String, java.lang.String, java.lang.String, java.lang.String)[pri:0, instance:com.google.accounts.testes.CadastroUsuario@4883b407]" name="novoUserNOK" duration-ms="2633" started-at="2017-08-13T18:47:36Z" data-provider="novoUserNOK" finished-at="2017-08-13T18:47:39Z">
          <params>
            <param index="0">
              <value>
                <![CDATA[Douglas]]>
              </value>
            </param>
            <param index="1">
              <value>
                <![CDATA[Golke]]>
              </value>
            </param>
            <param index="2">
              <value>
                <![CDATA[aut]]>
              </value>
            </param>
            <param index="3">
              <value>
                <![CDATA[senha123@]]>
              </value>
            </param>
            <param index="4">
              <value>
                <![CDATA[senha123@]]>
              </value>
            </param>
            <param index="5">
              <value>
                <![CDATA[]]>
              </value>
            </param>
            <param index="6">
              <value>
                <![CDATA[Junho]]>
              </value>
            </param>
            <param index="7">
              <value>
                <![CDATA[1985]]>
              </value>
            </param>
            <param index="8">
              <value>
                <![CDATA[Masculino]]>
              </value>
            </param>
            <param index="9">
              <value>
                <![CDATA[51997435572]]>
              </value>
            </param>
            <param index="10">
              <value>
                <![CDATA[regdezsa@gmail.com]]>
              </value>
            </param>
            <param index="11">
              <value>
                <![CDATA[Você não pode deixar este campo em branco.]]>
              </value>
            </param>
            <param index="12">
              <value>
                <![CDATA[1]]>
              </value>
            </param>
            <param index="13">
              <value>
                <![CDATA[s]]>
              </value>
            </param>
          </params>
          <reporter-output>
          </reporter-output>
        </test-method> <!-- novoUserNOK -->
        <test-method status="PASS" signature="afterMethod()[pri:0, instance:com.google.accounts.testes.CadastroUsuario@4883b407]" name="afterMethod" is-config="true" duration-ms="1310" started-at="2017-08-13T18:47:39Z" finished-at="2017-08-13T18:47:40Z">
          <reporter-output>
          </reporter-output>
        </test-method> <!-- afterMethod -->
        <test-method status="PASS" signature="beforeMethod(java.lang.reflect.Method)[pri:0, instance:com.google.accounts.testes.CadastroUsuario@4883b407]" name="beforeMethod" is-config="true" duration-ms="6451" started-at="2017-08-13T18:47:40Z" finished-at="2017-08-13T18:47:46Z">
          <params>
            <param index="0">
              <value>
                <![CDATA[public void com.google.accounts.testes.CadastroUsuario.novoUserNOK(java.lang.String,java.lang.String,java.lang.String,java.lang.String,java.lang.String,java.lang.String,java.lang.String,java.lang.String,java.lang.String,java.lang.String,java.lang.String,java.lang.String,java.lang.String,java.lang.String)]]>
              </value>
            </param>
          </params>
          <reporter-output>
          </reporter-output>
        </test-method> <!-- beforeMethod -->
        <test-method status="PASS" signature="novoUserNOK(java.lang.String, java.lang.String, java.lang.String, java.lang.String, java.lang.String, java.lang.String, java.lang.String, java.lang.String, java.lang.String, java.lang.String, java.lang.String, java.lang.String, java.lang.String, java.lang.String)[pri:0, instance:com.google.accounts.testes.CadastroUsuario@4883b407]" name="novoUserNOK" duration-ms="3045" started-at="2017-08-13T18:47:46Z" data-provider="novoUserNOK" finished-at="2017-08-13T18:47:49Z">
          <params>
            <param index="0">
              <value>
                <![CDATA[Douglas]]>
              </value>
            </param>
            <param index="1">
              <value>
                <![CDATA[Golke]]>
              </value>
            </param>
            <param index="2">
              <value>
                <![CDATA[aut]]>
              </value>
            </param>
            <param index="3">
              <value>
                <![CDATA[senha123@]]>
              </value>
            </param>
            <param index="4">
              <value>
                <![CDATA[senha123@]]>
              </value>
            </param>
            <param index="5">
              <value>
                <![CDATA[01]]>
              </value>
            </param>
            <param index="6">
              <value>
                <![CDATA[]]>
              </value>
            </param>
            <param index="7">
              <value>
                <![CDATA[1985]]>
              </value>
            </param>
            <param index="8">
              <value>
                <![CDATA[Masculino]]>
              </value>
            </param>
            <param index="9">
              <value>
                <![CDATA[51997435572]]>
              </value>
            </param>
            <param index="10">
              <value>
                <![CDATA[regdezsa@gmail.com]]>
              </value>
            </param>
            <param index="11">
              <value>
                <![CDATA[Você não pode deixar este campo em branco.]]>
              </value>
            </param>
            <param index="12">
              <value>
                <![CDATA[1]]>
              </value>
            </param>
            <param index="13">
              <value>
                <![CDATA[s]]>
              </value>
            </param>
          </params>
          <reporter-output>
          </reporter-output>
        </test-method> <!-- novoUserNOK -->
        <test-method status="PASS" signature="afterMethod()[pri:0, instance:com.google.accounts.testes.CadastroUsuario@4883b407]" name="afterMethod" is-config="true" duration-ms="1424" started-at="2017-08-13T18:47:49Z" finished-at="2017-08-13T18:47:51Z">
          <reporter-output>
          </reporter-output>
        </test-method> <!-- afterMethod -->
        <test-method status="PASS" signature="beforeMethod(java.lang.reflect.Method)[pri:0, instance:com.google.accounts.testes.CadastroUsuario@4883b407]" name="beforeMethod" is-config="true" duration-ms="7891" started-at="2017-08-13T18:47:51Z" finished-at="2017-08-13T18:47:59Z">
          <params>
            <param index="0">
              <value>
                <![CDATA[public void com.google.accounts.testes.CadastroUsuario.novoUserNOK(java.lang.String,java.lang.String,java.lang.String,java.lang.String,java.lang.String,java.lang.String,java.lang.String,java.lang.String,java.lang.String,java.lang.String,java.lang.String,java.lang.String,java.lang.String,java.lang.String)]]>
              </value>
            </param>
          </params>
          <reporter-output>
          </reporter-output>
        </test-method> <!-- beforeMethod -->
        <test-method status="PASS" signature="novoUserNOK(java.lang.String, java.lang.String, java.lang.String, java.lang.String, java.lang.String, java.lang.String, java.lang.String, java.lang.String, java.lang.String, java.lang.String, java.lang.String, java.lang.String, java.lang.String, java.lang.String)[pri:0, instance:com.google.accounts.testes.CadastroUsuario@4883b407]" name="novoUserNOK" duration-ms="2914" started-at="2017-08-13T18:47:59Z" data-provider="novoUserNOK" finished-at="2017-08-13T18:48:02Z">
          <params>
            <param index="0">
              <value>
                <![CDATA[Douglas]]>
              </value>
            </param>
            <param index="1">
              <value>
                <![CDATA[Golke]]>
              </value>
            </param>
            <param index="2">
              <value>
                <![CDATA[aut]]>
              </value>
            </param>
            <param index="3">
              <value>
                <![CDATA[senha123@]]>
              </value>
            </param>
            <param index="4">
              <value>
                <![CDATA[senha123@]]>
              </value>
            </param>
            <param index="5">
              <value>
                <![CDATA[01]]>
              </value>
            </param>
            <param index="6">
              <value>
                <![CDATA[Junho]]>
              </value>
            </param>
            <param index="7">
              <value>
                <![CDATA[]]>
              </value>
            </param>
            <param index="8">
              <value>
                <![CDATA[Masculino]]>
              </value>
            </param>
            <param index="9">
              <value>
                <![CDATA[51997435572]]>
              </value>
            </param>
            <param index="10">
              <value>
                <![CDATA[regdezsa@gmail.com]]>
              </value>
            </param>
            <param index="11">
              <value>
                <![CDATA[Você não pode deixar este campo em branco.]]>
              </value>
            </param>
            <param index="12">
              <value>
                <![CDATA[1]]>
              </value>
            </param>
            <param index="13">
              <value>
                <![CDATA[s]]>
              </value>
            </param>
          </params>
          <reporter-output>
          </reporter-output>
        </test-method> <!-- novoUserNOK -->
        <test-method status="PASS" signature="afterMethod()[pri:0, instance:com.google.accounts.testes.CadastroUsuario@4883b407]" name="afterMethod" is-config="true" duration-ms="1334" started-at="2017-08-13T18:48:02Z" finished-at="2017-08-13T18:48:03Z">
          <reporter-output>
          </reporter-output>
        </test-method> <!-- afterMethod -->
        <test-method status="PASS" signature="beforeMethod(java.lang.reflect.Method)[pri:0, instance:com.google.accounts.testes.CadastroUsuario@4883b407]" name="beforeMethod" is-config="true" duration-ms="6643" started-at="2017-08-13T18:48:03Z" finished-at="2017-08-13T18:48:10Z">
          <params>
            <param index="0">
              <value>
                <![CDATA[public void com.google.accounts.testes.CadastroUsuario.novoUserNOK(java.lang.String,java.lang.String,java.lang.String,java.lang.String,java.lang.String,java.lang.String,java.lang.String,java.lang.String,java.lang.String,java.lang.String,java.lang.String,java.lang.String,java.lang.String,java.lang.String)]]>
              </value>
            </param>
          </params>
          <reporter-output>
          </reporter-output>
        </test-method> <!-- beforeMethod -->
        <test-method status="PASS" signature="novoUserNOK(java.lang.String, java.lang.String, java.lang.String, java.lang.String, java.lang.String, java.lang.String, java.lang.String, java.lang.String, java.lang.String, java.lang.String, java.lang.String, java.lang.String, java.lang.String, java.lang.String)[pri:0, instance:com.google.accounts.testes.CadastroUsuario@4883b407]" name="novoUserNOK" duration-ms="2969" started-at="2017-08-13T18:48:10Z" data-provider="novoUserNOK" finished-at="2017-08-13T18:48:13Z">
          <params>
            <param index="0">
              <value>
                <![CDATA[Douglas]]>
              </value>
            </param>
            <param index="1">
              <value>
                <![CDATA[Golke]]>
              </value>
            </param>
            <param index="2">
              <value>
                <![CDATA[aut]]>
              </value>
            </param>
            <param index="3">
              <value>
                <![CDATA[senha123@]]>
              </value>
            </param>
            <param index="4">
              <value>
                <![CDATA[senha123@]]>
              </value>
            </param>
            <param index="5">
              <value>
                <![CDATA[01]]>
              </value>
            </param>
            <param index="6">
              <value>
                <![CDATA[Junho]]>
              </value>
            </param>
            <param index="7">
              <value>
                <![CDATA[1985]]>
              </value>
            </param>
            <param index="8">
              <value>
                <![CDATA[]]>
              </value>
            </param>
            <param index="9">
              <value>
                <![CDATA[51997435572]]>
              </value>
            </param>
            <param index="10">
              <value>
                <![CDATA[regdezsa@gmail.com]]>
              </value>
            </param>
            <param index="11">
              <value>
                <![CDATA[Você não pode deixar este campo em branco.]]>
              </value>
            </param>
            <param index="12">
              <value>
                <![CDATA[1]]>
              </value>
            </param>
            <param index="13">
              <value>
                <![CDATA[s]]>
              </value>
            </param>
          </params>
          <reporter-output>
          </reporter-output>
        </test-method> <!-- novoUserNOK -->
        <test-method status="PASS" signature="afterMethod()[pri:0, instance:com.google.accounts.testes.CadastroUsuario@4883b407]" name="afterMethod" is-config="true" duration-ms="1413" started-at="2017-08-13T18:48:13Z" finished-at="2017-08-13T18:48:14Z">
          <reporter-output>
          </reporter-output>
        </test-method> <!-- afterMethod -->
        <test-method status="PASS" signature="beforeMethod(java.lang.reflect.Method)[pri:0, instance:com.google.accounts.testes.CadastroUsuario@4883b407]" name="beforeMethod" is-config="true" duration-ms="6688" started-at="2017-08-13T18:48:14Z" finished-at="2017-08-13T18:48:21Z">
          <params>
            <param index="0">
              <value>
                <![CDATA[public void com.google.accounts.testes.CadastroUsuario.novoUserNOK(java.lang.String,java.lang.String,java.lang.String,java.lang.String,java.lang.String,java.lang.String,java.lang.String,java.lang.String,java.lang.String,java.lang.String,java.lang.String,java.lang.String,java.lang.String,java.lang.String)]]>
              </value>
            </param>
          </params>
          <reporter-output>
          </reporter-output>
        </test-method> <!-- beforeMethod -->
        <test-method status="PASS" signature="novoUserNOK(java.lang.String, java.lang.String, java.lang.String, java.lang.String, java.lang.String, java.lang.String, java.lang.String, java.lang.String, java.lang.String, java.lang.String, java.lang.String, java.lang.String, java.lang.String, java.lang.String)[pri:0, instance:com.google.accounts.testes.CadastroUsuario@4883b407]" name="novoUserNOK" duration-ms="1252" started-at="2017-08-13T18:48:21Z" data-provider="novoUserNOK" finished-at="2017-08-13T18:48:22Z">
          <params>
            <param index="0">
              <value>
                <![CDATA[]]>
              </value>
            </param>
            <param index="1">
              <value>
                <![CDATA[]]>
              </value>
            </param>
            <param index="2">
              <value>
                <![CDATA[]]>
              </value>
            </param>
            <param index="3">
              <value>
                <![CDATA[]]>
              </value>
            </param>
            <param index="4">
              <value>
                <![CDATA[]]>
              </value>
            </param>
            <param index="5">
              <value>
                <![CDATA[]]>
              </value>
            </param>
            <param index="6">
              <value>
                <![CDATA[]]>
              </value>
            </param>
            <param index="7">
              <value>
                <![CDATA[]]>
              </value>
            </param>
            <param index="8">
              <value>
                <![CDATA[]]>
              </value>
            </param>
            <param index="9">
              <value>
                <![CDATA[]]>
              </value>
            </param>
            <param index="10">
              <value>
                <![CDATA[]]>
              </value>
            </param>
            <param index="11">
              <value>
                <![CDATA[Você não pode deixar este campo em branco.]]>
              </value>
            </param>
            <param index="12">
              <value>
                <![CDATA[9]]>
              </value>
            </param>
            <param index="13">
              <value>
                <![CDATA[s]]>
              </value>
            </param>
          </params>
          <reporter-output>
          </reporter-output>
        </test-method> <!-- novoUserNOK -->
        <test-method status="PASS" signature="afterMethod()[pri:0, instance:com.google.accounts.testes.CadastroUsuario@4883b407]" name="afterMethod" is-config="true" duration-ms="1247" started-at="2017-08-13T18:48:22Z" finished-at="2017-08-13T18:48:23Z">
          <reporter-output>
          </reporter-output>
        </test-method> <!-- afterMethod -->
        <test-method status="PASS" signature="beforeMethod(java.lang.reflect.Method)[pri:0, instance:com.google.accounts.testes.CadastroUsuario@4883b407]" name="beforeMethod" is-config="true" duration-ms="9361" started-at="2017-08-13T18:48:23Z" finished-at="2017-08-13T18:48:32Z">
          <params>
            <param index="0">
              <value>
                <![CDATA[public void com.google.accounts.testes.CadastroUsuario.novoUserNOK(java.lang.String,java.lang.String,java.lang.String,java.lang.String,java.lang.String,java.lang.String,java.lang.String,java.lang.String,java.lang.String,java.lang.String,java.lang.String,java.lang.String,java.lang.String,java.lang.String)]]>
              </value>
            </param>
          </params>
          <reporter-output>
          </reporter-output>
        </test-method> <!-- beforeMethod -->
        <test-method status="PASS" signature="novoUserNOK(java.lang.String, java.lang.String, java.lang.String, java.lang.String, java.lang.String, java.lang.String, java.lang.String, java.lang.String, java.lang.String, java.lang.String, java.lang.String, java.lang.String, java.lang.String, java.lang.String)[pri:0, instance:com.google.accounts.testes.CadastroUsuario@4883b407]" name="novoUserNOK" duration-ms="1845" started-at="2017-08-13T18:48:32Z" data-provider="novoUserNOK" finished-at="2017-08-13T18:48:34Z">
          <params>
            <param index="0">
              <value>
                <![CDATA[Douglas]]>
              </value>
            </param>
            <param index="1">
              <value>
                <![CDATA[Golke]]>
              </value>
            </param>
            <param index="2">
              <value>
                <![CDATA[padrao]]>
              </value>
            </param>
            <param index="3">
              <value>
                <![CDATA[senha123@]]>
              </value>
            </param>
            <param index="4">
              <value>
                <![CDATA[senha123@]]>
              </value>
            </param>
            <param index="5">
              <value>
                <![CDATA[01]]>
              </value>
            </param>
            <param index="6">
              <value>
                <![CDATA[Junho]]>
              </value>
            </param>
            <param index="7">
              <value>
                <![CDATA[1985]]>
              </value>
            </param>
            <param index="8">
              <value>
                <![CDATA[Masculino]]>
              </value>
            </param>
            <param index="9">
              <value>
                <![CDATA[51997435572]]>
              </value>
            </param>
            <param index="10">
              <value>
                <![CDATA[regdezsa@gmail.com]]>
              </value>
            </param>
            <param index="11">
              <value>
                <![CDATA[Este nome de usuário já está em uso. Tente outro.]]>
              </value>
            </param>
            <param index="12">
              <value>
                <![CDATA[1]]>
              </value>
            </param>
            <param index="13">
              <value>
                <![CDATA[n]]>
              </value>
            </param>
          </params>
          <reporter-output>
          </reporter-output>
        </test-method> <!-- novoUserNOK -->
        <test-method status="PASS" signature="afterMethod()[pri:0, instance:com.google.accounts.testes.CadastroUsuario@4883b407]" name="afterMethod" is-config="true" duration-ms="1329" started-at="2017-08-13T18:48:34Z" finished-at="2017-08-13T18:48:36Z">
          <reporter-output>
          </reporter-output>
        </test-method> <!-- afterMethod -->
        <test-method status="PASS" signature="beforeMethod(java.lang.reflect.Method)[pri:0, instance:com.google.accounts.testes.CadastroUsuario@4883b407]" name="beforeMethod" is-config="true" duration-ms="6288" started-at="2017-08-13T18:48:36Z" finished-at="2017-08-13T18:48:42Z">
          <params>
            <param index="0">
              <value>
                <![CDATA[public void com.google.accounts.testes.CadastroUsuario.novoUserNOK(java.lang.String,java.lang.String,java.lang.String,java.lang.String,java.lang.String,java.lang.String,java.lang.String,java.lang.String,java.lang.String,java.lang.String,java.lang.String,java.lang.String,java.lang.String,java.lang.String)]]>
              </value>
            </param>
          </params>
          <reporter-output>
          </reporter-output>
        </test-method> <!-- beforeMethod -->
        <test-method status="PASS" signature="novoUserNOK(java.lang.String, java.lang.String, java.lang.String, java.lang.String, java.lang.String, java.lang.String, java.lang.String, java.lang.String, java.lang.String, java.lang.String, java.lang.String, java.lang.String, java.lang.String, java.lang.String)[pri:0, instance:com.google.accounts.testes.CadastroUsuario@4883b407]" name="novoUserNOK" duration-ms="2973" started-at="2017-08-13T18:48:42Z" data-provider="novoUserNOK" finished-at="2017-08-13T18:48:45Z">
          <params>
            <param index="0">
              <value>
                <![CDATA[Douglas]]>
              </value>
            </param>
            <param index="1">
              <value>
                <![CDATA[Golke]]>
              </value>
            </param>
            <param index="2">
              <value>
                <![CDATA[douglas]]>
              </value>
            </param>
            <param index="3">
              <value>
                <![CDATA[senha123@]]>
              </value>
            </param>
            <param index="4">
              <value>
                <![CDATA[senha123@]]>
              </value>
            </param>
            <param index="5">
              <value>
                <![CDATA[01]]>
              </value>
            </param>
            <param index="6">
              <value>
                <![CDATA[Junho]]>
              </value>
            </param>
            <param index="7">
              <value>
                <![CDATA[1985]]>
              </value>
            </param>
            <param index="8">
              <value>
                <![CDATA[Masculino]]>
              </value>
            </param>
            <param index="9">
              <value>
                <![CDATA[51997435572]]>
              </value>
            </param>
            <param index="10">
              <value>
                <![CDATA[regdezsa@gmail.com]]>
              </value>
            </param>
            <param index="11">
              <value>
                <![CDATA[Este nome de usuário não é permitido. Tente novamente.]]>
              </value>
            </param>
            <param index="12">
              <value>
                <![CDATA[1]]>
              </value>
            </param>
            <param index="13">
              <value>
                <![CDATA[n]]>
              </value>
            </param>
          </params>
          <reporter-output>
          </reporter-output>
        </test-method> <!-- novoUserNOK -->
        <test-method status="PASS" signature="afterMethod()[pri:0, instance:com.google.accounts.testes.CadastroUsuario@4883b407]" name="afterMethod" is-config="true" duration-ms="1363" started-at="2017-08-13T18:48:45Z" finished-at="2017-08-13T18:48:46Z">
          <reporter-output>
          </reporter-output>
        </test-method> <!-- afterMethod -->
        <test-method status="PASS" signature="beforeMethod(java.lang.reflect.Method)[pri:0, instance:com.google.accounts.testes.CadastroUsuario@4883b407]" name="beforeMethod" is-config="true" duration-ms="7066" started-at="2017-08-13T18:48:46Z" finished-at="2017-08-13T18:48:53Z">
          <params>
            <param index="0">
              <value>
                <![CDATA[public void com.google.accounts.testes.CadastroUsuario.novoUserNOK(java.lang.String,java.lang.String,java.lang.String,java.lang.String,java.lang.String,java.lang.String,java.lang.String,java.lang.String,java.lang.String,java.lang.String,java.lang.String,java.lang.String,java.lang.String,java.lang.String)]]>
              </value>
            </param>
          </params>
          <reporter-output>
          </reporter-output>
        </test-method> <!-- beforeMethod -->
        <test-method status="PASS" signature="novoUserNOK(java.lang.String, java.lang.String, java.lang.String, java.lang.String, java.lang.String, java.lang.String, java.lang.String, java.lang.String, java.lang.String, java.lang.String, java.lang.String, java.lang.String, java.lang.String, java.lang.String)[pri:0, instance:com.google.accounts.testes.CadastroUsuario@4883b407]" name="novoUserNOK" duration-ms="2567" started-at="2017-08-13T18:48:53Z" data-provider="novoUserNOK" finished-at="2017-08-13T18:48:56Z">
          <params>
            <param index="0">
              <value>
                <![CDATA[Douglas]]>
              </value>
            </param>
            <param index="1">
              <value>
                <![CDATA[Golke]]>
              </value>
            </param>
            <param index="2">
              <value>
                <![CDATA[joao]]>
              </value>
            </param>
            <param index="3">
              <value>
                <![CDATA[senha123@]]>
              </value>
            </param>
            <param index="4">
              <value>
                <![CDATA[senha123@]]>
              </value>
            </param>
            <param index="5">
              <value>
                <![CDATA[01]]>
              </value>
            </param>
            <param index="6">
              <value>
                <![CDATA[Junho]]>
              </value>
            </param>
            <param index="7">
              <value>
                <![CDATA[1985]]>
              </value>
            </param>
            <param index="8">
              <value>
                <![CDATA[Masculino]]>
              </value>
            </param>
            <param index="9">
              <value>
                <![CDATA[51997435572]]>
              </value>
            </param>
            <param index="10">
              <value>
                <![CDATA[regdezsa@gmail.com]]>
              </value>
            </param>
            <param index="11">
              <value>
                <![CDATA[Utilize entre 6 e 30 caracteres.]]>
              </value>
            </param>
            <param index="12">
              <value>
                <![CDATA[1]]>
              </value>
            </param>
            <param index="13">
              <value>
                <![CDATA[n]]>
              </value>
            </param>
          </params>
          <reporter-output>
          </reporter-output>
        </test-method> <!-- novoUserNOK -->
        <test-method status="PASS" signature="afterMethod()[pri:0, instance:com.google.accounts.testes.CadastroUsuario@4883b407]" name="afterMethod" is-config="true" duration-ms="1451" started-at="2017-08-13T18:48:56Z" finished-at="2017-08-13T18:48:57Z">
          <reporter-output>
          </reporter-output>
        </test-method> <!-- afterMethod -->
        <test-method status="PASS" signature="beforeMethod(java.lang.reflect.Method)[pri:0, instance:com.google.accounts.testes.CadastroUsuario@4883b407]" name="beforeMethod" is-config="true" duration-ms="7079" started-at="2017-08-13T18:48:57Z" finished-at="2017-08-13T18:49:04Z">
          <params>
            <param index="0">
              <value>
                <![CDATA[public void com.google.accounts.testes.CadastroUsuario.novoUserNOK(java.lang.String,java.lang.String,java.lang.String,java.lang.String,java.lang.String,java.lang.String,java.lang.String,java.lang.String,java.lang.String,java.lang.String,java.lang.String,java.lang.String,java.lang.String,java.lang.String)]]>
              </value>
            </param>
          </params>
          <reporter-output>
          </reporter-output>
        </test-method> <!-- beforeMethod -->
        <test-method status="PASS" signature="novoUserNOK(java.lang.String, java.lang.String, java.lang.String, java.lang.String, java.lang.String, java.lang.String, java.lang.String, java.lang.String, java.lang.String, java.lang.String, java.lang.String, java.lang.String, java.lang.String, java.lang.String)[pri:0, instance:com.google.accounts.testes.CadastroUsuario@4883b407]" name="novoUserNOK" duration-ms="2317" started-at="2017-08-13T18:49:04Z" data-provider="novoUserNOK" finished-at="2017-08-13T18:49:07Z">
          <params>
            <param index="0">
              <value>
                <![CDATA[Douglas]]>
              </value>
            </param>
            <param index="1">
              <value>
                <![CDATA[Golke]]>
              </value>
            </param>
            <param index="2">
              <value>
                <![CDATA[#11111]]>
              </value>
            </param>
            <param index="3">
              <value>
                <![CDATA[senha123@]]>
              </value>
            </param>
            <param index="4">
              <value>
                <![CDATA[senha123@]]>
              </value>
            </param>
            <param index="5">
              <value>
                <![CDATA[01]]>
              </value>
            </param>
            <param index="6">
              <value>
                <![CDATA[Junho]]>
              </value>
            </param>
            <param index="7">
              <value>
                <![CDATA[1985]]>
              </value>
            </param>
            <param index="8">
              <value>
                <![CDATA[Masculino]]>
              </value>
            </param>
            <param index="9">
              <value>
                <![CDATA[51997435572]]>
              </value>
            </param>
            <param index="10">
              <value>
                <![CDATA[regdezsa@gmail.com]]>
              </value>
            </param>
            <param index="11">
              <value>
                <![CDATA[Use apenas letras (a-z), números e pontos.]]>
              </value>
            </param>
            <param index="12">
              <value>
                <![CDATA[1]]>
              </value>
            </param>
            <param index="13">
              <value>
                <![CDATA[n]]>
              </value>
            </param>
          </params>
          <reporter-output>
          </reporter-output>
        </test-method> <!-- novoUserNOK -->
        <test-method status="PASS" signature="afterMethod()[pri:0, instance:com.google.accounts.testes.CadastroUsuario@4883b407]" name="afterMethod" is-config="true" duration-ms="1393" started-at="2017-08-13T18:49:07Z" finished-at="2017-08-13T18:49:08Z">
          <reporter-output>
          </reporter-output>
        </test-method> <!-- afterMethod -->
        <test-method status="PASS" signature="beforeMethod(java.lang.reflect.Method)[pri:0, instance:com.google.accounts.testes.CadastroUsuario@4883b407]" name="beforeMethod" is-config="true" duration-ms="8948" started-at="2017-08-13T18:49:08Z" finished-at="2017-08-13T18:49:17Z">
          <params>
            <param index="0">
              <value>
                <![CDATA[public void com.google.accounts.testes.CadastroUsuario.novoUserNOK(java.lang.String,java.lang.String,java.lang.String,java.lang.String,java.lang.String,java.lang.String,java.lang.String,java.lang.String,java.lang.String,java.lang.String,java.lang.String,java.lang.String,java.lang.String,java.lang.String)]]>
              </value>
            </param>
          </params>
          <reporter-output>
          </reporter-output>
        </test-method> <!-- beforeMethod -->
        <test-method status="PASS" signature="novoUserNOK(java.lang.String, java.lang.String, java.lang.String, java.lang.String, java.lang.String, java.lang.String, java.lang.String, java.lang.String, java.lang.String, java.lang.String, java.lang.String, java.lang.String, java.lang.String, java.lang.String)[pri:0, instance:com.google.accounts.testes.CadastroUsuario@4883b407]" name="novoUserNOK" duration-ms="3101" started-at="2017-08-13T18:49:17Z" data-provider="novoUserNOK" finished-at="2017-08-13T18:49:20Z">
          <params>
            <param index="0">
              <value>
                <![CDATA[Douglas]]>
              </value>
            </param>
            <param index="1">
              <value>
                <![CDATA[Golke]]>
              </value>
            </param>
            <param index="2">
              <value>
                <![CDATA[douglas]]>
              </value>
            </param>
            <param index="3">
              <value>
                <![CDATA[senha123@]]>
              </value>
            </param>
            <param index="4">
              <value>
                <![CDATA[senha123@]]>
              </value>
            </param>
            <param index="5">
              <value>
                <![CDATA[01]]>
              </value>
            </param>
            <param index="6">
              <value>
                <![CDATA[Junho]]>
              </value>
            </param>
            <param index="7">
              <value>
                <![CDATA[19]]>
              </value>
            </param>
            <param index="8">
              <value>
                <![CDATA[Masculino]]>
              </value>
            </param>
            <param index="9">
              <value>
                <![CDATA[51997435572]]>
              </value>
            </param>
            <param index="10">
              <value>
                <![CDATA[regdezsa@gmail.com]]>
              </value>
            </param>
            <param index="11">
              <value>
                <![CDATA[A data parece estar incorreta. Utilize sua data de nascimento verdadeira.]]>
              </value>
            </param>
            <param index="12">
              <value>
                <![CDATA[1]]>
              </value>
            </param>
            <param index="13">
              <value>
                <![CDATA[s]]>
              </value>
            </param>
          </params>
          <reporter-output>
          </reporter-output>
        </test-method> <!-- novoUserNOK -->
        <test-method status="PASS" signature="afterMethod()[pri:0, instance:com.google.accounts.testes.CadastroUsuario@4883b407]" name="afterMethod" is-config="true" duration-ms="1521" started-at="2017-08-13T18:49:20Z" finished-at="2017-08-13T18:49:22Z">
          <reporter-output>
          </reporter-output>
        </test-method> <!-- afterMethod -->
        <test-method status="PASS" signature="beforeMethod(java.lang.reflect.Method)[pri:0, instance:com.google.accounts.testes.CadastroUsuario@4883b407]" name="beforeMethod" is-config="true" duration-ms="9976" started-at="2017-08-13T18:49:22Z" finished-at="2017-08-13T18:49:32Z">
          <params>
            <param index="0">
              <value>
                <![CDATA[public void com.google.accounts.testes.CadastroUsuario.novoUserNOK(java.lang.String,java.lang.String,java.lang.String,java.lang.String,java.lang.String,java.lang.String,java.lang.String,java.lang.String,java.lang.String,java.lang.String,java.lang.String,java.lang.String,java.lang.String,java.lang.String)]]>
              </value>
            </param>
          </params>
          <reporter-output>
          </reporter-output>
        </test-method> <!-- beforeMethod -->
        <test-method status="PASS" signature="novoUserNOK(java.lang.String, java.lang.String, java.lang.String, java.lang.String, java.lang.String, java.lang.String, java.lang.String, java.lang.String, java.lang.String, java.lang.String, java.lang.String, java.lang.String, java.lang.String, java.lang.String)[pri:0, instance:com.google.accounts.testes.CadastroUsuario@4883b407]" name="novoUserNOK" duration-ms="1643" started-at="2017-08-13T18:49:32Z" data-provider="novoUserNOK" finished-at="2017-08-13T18:49:33Z">
          <params>
            <param index="0">
              <value>
                <![CDATA[Douglas]]>
              </value>
            </param>
            <param index="1">
              <value>
                <![CDATA[Golke]]>
              </value>
            </param>
            <param index="2">
              <value>
                <![CDATA[douglas]]>
              </value>
            </param>
            <param index="3">
              <value>
                <![CDATA[senha123@]]>
              </value>
            </param>
            <param index="4">
              <value>
                <![CDATA[senha123@]]>
              </value>
            </param>
            <param index="5">
              <value>
                <![CDATA[91]]>
              </value>
            </param>
            <param index="6">
              <value>
                <![CDATA[Junho]]>
              </value>
            </param>
            <param index="7">
              <value>
                <![CDATA[1985]]>
              </value>
            </param>
            <param index="8">
              <value>
                <![CDATA[Masculino]]>
              </value>
            </param>
            <param index="9">
              <value>
                <![CDATA[51997435572]]>
              </value>
            </param>
            <param index="10">
              <value>
                <![CDATA[regdezsa@gmail.com]]>
              </value>
            </param>
            <param index="11">
              <value>
                <![CDATA[O dia parece estar incorreto. Use um número de dois dígitos que corresponda a um dia do mês.]]>
              </value>
            </param>
            <param index="12">
              <value>
                <![CDATA[1]]>
              </value>
            </param>
            <param index="13">
              <value>
                <![CDATA[s]]>
              </value>
            </param>
          </params>
          <reporter-output>
          </reporter-output>
        </test-method> <!-- novoUserNOK -->
        <test-method status="PASS" signature="afterMethod()[pri:0, instance:com.google.accounts.testes.CadastroUsuario@4883b407]" name="afterMethod" is-config="true" duration-ms="1355" started-at="2017-08-13T18:49:33Z" finished-at="2017-08-13T18:49:35Z">
          <reporter-output>
          </reporter-output>
        </test-method> <!-- afterMethod -->
        <test-method status="PASS" signature="afterClass()[pri:0, instance:com.google.accounts.testes.CadastroUsuario@4883b407]" name="afterClass" is-config="true" duration-ms="0" started-at="2017-08-13T18:49:35Z" finished-at="2017-08-13T18:49:35Z">
          <reporter-output>
          </reporter-output>
        </test-method> <!-- afterClass -->
        <test-method status="PASS" signature="afterSuite()[pri:0, instance:com.google.accounts.testes.CadastroUsuario@4883b407]" name="afterSuite" is-config="true" duration-ms="0" started-at="2017-08-13T18:49:35Z" finished-at="2017-08-13T18:49:35Z">
          <reporter-output>
          </reporter-output>
        </test-method> <!-- afterSuite -->
      </class> <!-- com.google.accounts.testes.CadastroUsuario -->
    </test> <!-- Default test -->
  </suite> <!-- Default suite -->
</testng-results>
